<?xml version="1.0" encoding="UTF-8"?>
<testng-results ignored="0" total="2" passed="2" failed="0" skipped="0">
  <reporter-output>
  </reporter-output>
  <suite started-at="2022-05-25T16:02:57 IST" name="Default suite" finished-at="2022-05-25T16:03:03 IST" duration-ms="5370">
    <groups>
    </groups>
    <test started-at="2022-05-25T16:02:57 IST" name="Default test" finished-at="2022-05-25T16:03:03 IST" duration-ms="5370">
      <class name="sample.RestApi">
        <test-method signature="m1()[pri:0, instance:sample.RestApi@2c767a52]" started-at="2022-05-25T16:02:58 IST" name="m1" finished-at="2022-05-25T16:03:02 IST" duration-ms="4569" status="PASS">
          <reporter-output>
          </reporter-output>
        </test-method> <!-- m1 -->
        <test-method signature="m2()[pri:0, instance:sample.RestApi@2c767a52]" started-at="2022-05-25T16:03:02 IST" name="m2" finished-at="2022-05-25T16:03:03 IST" duration-ms="704" status="PASS">
          <reporter-output>
          </reporter-output>
        </test-method> <!-- m2 -->
      </class> <!-- sample.RestApi -->
    </test> <!-- Default test -->
  </suite> <!-- Default suite -->
</testng-results>
